<?xml version="1.0" encoding="UTF-8"?>
<testng-results ignored="0" total="2" passed="2" failed="0" skipped="0">
  <reporter-output>
    <line>
      <![CDATA[Extent Report DirectoryC:\Users\abirh\IdeaProjects\SeleniumBootCamp2020\Jqueryui\target\surefire-reports\html]]>
    </line>
  </reporter-output>
  <suite started-at="2020-02-19T23:30:34 EST" name="Surefire suite" finished-at="2020-02-19T23:31:46 EST" duration-ms="72222">
    <groups>
    </groups>
    <test started-at="2020-02-19T23:30:34 EST" name="Surefire test" finished-at="2020-02-19T23:31:46 EST" duration-ms="72222">
      <class name="testHomePage.TestHomePage">
        <test-method is-config="true" signature="extentSetup(org.testng.ITestContext)[pri:0, instance:testHomePage.TestHomePage@58134517]" started-at="2020-02-19T23:30:33 EST" name="extentSetup" finished-at="2020-02-19T23:30:34 EST" duration-ms="242" status="PASS">
          <params>
            <param index="0">
              <value>
                <![CDATA[org.testng.TestRunner@1059754c]]>
              </value>
            </param>
          </params>
          <reporter-output>
            <line>
              <![CDATA[Extent Report DirectoryC:\Users\abirh\IdeaProjects\SeleniumBootCamp2020\Jqueryui\target\surefire-reports\html]]>
            </line>
          </reporter-output>
        </test-method> <!-- extentSetup -->
        <test-method is-config="true" signature="setUp(boolean, java.lang.String, java.lang.String, java.lang.String, java.lang.String, java.lang.String, java.lang.String)[pri:0, instance:testHomePage.TestHomePage@58134517]" started-at="2020-02-19T23:30:34 EST" name="setUp" finished-at="2020-02-19T23:30:44 EST" duration-ms="10336" status="PASS">
          <params>
            <param index="0">
              <value>
                <![CDATA[false]]>
              </value>
            </param>
            <param index="1">
              <value>
                <![CDATA[false]]>
              </value>
            </param>
            <param index="2">
              <value>
                <![CDATA[OS X]]>
              </value>
            </param>
            <param index="3">
              <value>
                <![CDATA[10]]>
              </value>
            </param>
            <param index="4">
              <value>
                <![CDATA[chrome-options]]>
              </value>
            </param>
            <param index="5">
              <value>
                <![CDATA[34]]>
              </value>
            </param>
            <param index="6">
              <value>
                <![CDATA[https://jqueryui.com/]]>
              </value>
            </param>
          </params>
          <reporter-output>
          </reporter-output>
        </test-method> <!-- setUp -->
        <test-method is-config="true" signature="startExtent(java.lang.reflect.Method)[pri:0, instance:testHomePage.TestHomePage@58134517]" started-at="2020-02-19T23:30:44 EST" name="startExtent" finished-at="2020-02-19T23:30:44 EST" duration-ms="9" status="PASS">
          <params>
            <param index="0">
              <value>
                <![CDATA[public static void testHomePage.TestHomePage.testHomePageDemo() throws java.lang.InterruptedException]]>
              </value>
            </param>
          </params>
          <reporter-output>
          </reporter-output>
        </test-method> <!-- startExtent -->
        <test-method signature="testHomePageDemo()[pri:1, instance:testHomePage.TestHomePage@58134517]" started-at="2020-02-19T23:30:44 EST" name="testHomePageDemo" finished-at="2020-02-19T23:31:02 EST" duration-ms="17757" status="PASS">
          <reporter-output>
          </reporter-output>
        </test-method> <!-- testHomePageDemo -->
        <test-method is-config="true" signature="afterEachTestMethod(org.testng.ITestResult)[pri:0, instance:testHomePage.TestHomePage@58134517]" started-at="2020-02-19T23:31:02 EST" name="afterEachTestMethod" finished-at="2020-02-19T23:31:02 EST" duration-ms="347" status="PASS">
          <params>
            <param index="0">
              <value>
                <![CDATA[[TestResult name=testHomePageDemo status=SUCCESS method=TestHomePage.testHomePageDemo()[pri:1, instance:testHomePage.TestHomePage@58134517] output={null}]]]>
              </value>
            </param>
          </params>
          <reporter-output>
          </reporter-output>
        </test-method> <!-- afterEachTestMethod -->
        <test-method is-config="true" signature="cleanUp()[pri:0, instance:testHomePage.TestHomePage@58134517]" started-at="2020-02-19T23:31:02 EST" name="cleanUp" finished-at="2020-02-19T23:31:03 EST" duration-ms="611" status="PASS">
          <reporter-output>
          </reporter-output>
        </test-method> <!-- cleanUp -->
        <test-method is-config="true" signature="setUp(boolean, java.lang.String, java.lang.String, java.lang.String, java.lang.String, java.lang.String, java.lang.String)[pri:0, instance:testHomePage.TestHomePage@58134517]" started-at="2020-02-19T23:31:03 EST" name="setUp" finished-at="2020-02-19T23:31:12 EST" duration-ms="9054" status="PASS">
          <params>
            <param index="0">
              <value>
                <![CDATA[false]]>
              </value>
            </param>
            <param index="1">
              <value>
                <![CDATA[false]]>
              </value>
            </param>
            <param index="2">
              <value>
                <![CDATA[OS X]]>
              </value>
            </param>
            <param index="3">
              <value>
                <![CDATA[10]]>
              </value>
            </param>
            <param index="4">
              <value>
                <![CDATA[chrome-options]]>
              </value>
            </param>
            <param index="5">
              <value>
                <![CDATA[34]]>
              </value>
            </param>
            <param index="6">
              <value>
                <![CDATA[https://jqueryui.com/]]>
              </value>
            </param>
          </params>
          <reporter-output>
          </reporter-output>
        </test-method> <!-- setUp -->
        <test-method is-config="true" signature="startExtent(java.lang.reflect.Method)[pri:0, instance:testHomePage.TestHomePage@58134517]" started-at="2020-02-19T23:31:12 EST" name="startExtent" finished-at="2020-02-19T23:31:12 EST" duration-ms="1" status="PASS">
          <params>
            <param index="0">
              <value>
                <![CDATA[public static void testHomePage.TestHomePage.testHomePageSearchbar() throws java.lang.InterruptedException]]>
              </value>
            </param>
          </params>
          <reporter-output>
          </reporter-output>
        </test-method> <!-- startExtent -->
        <test-method signature="testHomePageSearchbar()[pri:2, instance:testHomePage.TestHomePage@58134517]" started-at="2020-02-19T23:31:12 EST" name="testHomePageSearchbar" finished-at="2020-02-19T23:31:45 EST" duration-ms="33351" status="PASS">
          <reporter-output>
          </reporter-output>
        </test-method> <!-- testHomePageSearchbar -->
        <test-method is-config="true" signature="afterEachTestMethod(org.testng.ITestResult)[pri:0, instance:testHomePage.TestHomePage@58134517]" started-at="2020-02-19T23:31:45 EST" name="afterEachTestMethod" finished-at="2020-02-19T23:31:45 EST" duration-ms="86" status="PASS">
          <params>
            <param index="0">
              <value>
                <![CDATA[[TestResult name=testHomePageSearchbar status=SUCCESS method=TestHomePage.testHomePageSearchbar()[pri:2, instance:testHomePage.TestHomePage@58134517] output={null}]]]>
              </value>
            </param>
          </params>
          <reporter-output>
          </reporter-output>
        </test-method> <!-- afterEachTestMethod -->
        <test-method is-config="true" signature="cleanUp()[pri:0, instance:testHomePage.TestHomePage@58134517]" started-at="2020-02-19T23:31:45 EST" name="cleanUp" finished-at="2020-02-19T23:31:46 EST" duration-ms="623" status="PASS">
          <reporter-output>
          </reporter-output>
        </test-method> <!-- cleanUp -->
        <test-method is-config="true" signature="generateReport()[pri:0, instance:testHomePage.TestHomePage@58134517]" started-at="2020-02-19T23:31:46 EST" name="generateReport" finished-at="2020-02-19T23:31:46 EST" duration-ms="68" status="PASS">
          <reporter-output>
          </reporter-output>
        </test-method> <!-- generateReport -->
      </class> <!-- testHomePage.TestHomePage -->
    </test> <!-- Surefire test -->
  </suite> <!-- Surefire suite -->
</testng-results>
